<?xml version="1.0" encoding="UTF-8"?>
<!-- Generated by org.testng.reporters.JUnitReportReporter -->
<testsuite hostname="JAYALAKSHMI" failures="0" tests="1" name="casestudybanjararides.test" time="131.338" errors="0" timestamp="2022-12-15T14:31:50 IST" skipped="0">
  <testcase classname="casestudybanjararides.test" name="launchbanjararide" time="131.338"/>
  <system-out/>
</testsuite> <!-- casestudybanjararides.test -->
